<?xml version="1.0" encoding="UTF-8"?>
<!-- Generated by org.testng.reporters.JUnitReportReporter -->
<testsuite skipped="0" hostname="DESKTOP-5C16AGM" name="first_maven_project.mavenjava.SeleniumTest" tests="2" failures="0" timestamp="2020-05-31T20:23:43 IST" time="0.000" errors="0">
  <testcase name="MobileAutomation" time="0.000" classname="first_maven_project.mavenjava.SeleniumTest"/>
  <system-out/>
  <testcase name="BrowserAutomation" time="0.000" classname="first_maven_project.mavenjava.SeleniumTest"/>
  <system-out/>
</testsuite> <!-- first_maven_project.mavenjava.SeleniumTest -->
