<?xml version="1.0" encoding="UTF-8"?>
<!-- Generated by org.testng.reporters.JUnitReportReporter -->
<testsuite skipped="0" hostname="DESKTOP-5C16AGM" name="first_maven_project.mavenjava.AppTest" tests="1" failures="0" timestamp="2020-05-31T20:23:43 IST" time="0.009" errors="0">
  <testcase name="shouldAnswerWithTrue" time="0.009" classname="first_maven_project.mavenjava.AppTest"/>
  <system-out/>
</testsuite> <!-- first_maven_project.mavenjava.AppTest -->
