<?xml version="1.0" encoding="UTF-8"?>
<!-- Generated by org.testng.reporters.JUnitReportReporter -->
<testsuite skipped="0" hostname="DESKTOP-5C16AGM" name="first_maven_project.mavenjava.AppiumTest" tests="1" failures="0" timestamp="2020-05-31T20:44:07 IST" time="0.004" errors="0">
  <testcase name="IOS" time="0.004" classname="first_maven_project.mavenjava.AppiumTest"/>
  <system-out/>
</testsuite> <!-- first_maven_project.mavenjava.AppiumTest -->
