<?xml version="1.0" encoding="UTF-8"?>
<!-- Generated by org.testng.reporters.JUnitReportReporter -->
<testsuite skipped="0" hostname="DESKTOP-5C16AGM" name="first_maven_project.mavenjava.RESTAPITest" tests="2" failures="0" timestamp="2020-05-31T19:20:17 IST" time="0.001" errors="0">
  <testcase name="postJIRA" time="0.001" classname="first_maven_project.mavenjava.RESTAPITest"/>
  <system-out/>
  <testcase name="deleteTwitter" time="0.000" classname="first_maven_project.mavenjava.RESTAPITest"/>
  <system-out/>
</testsuite> <!-- first_maven_project.mavenjava.RESTAPITest -->
